<?xml version="1.0" encoding="UTF-8"?>
<!-- Generated by org.testng.reporters.JUnitReportReporter -->
<testsuite hostname="kirananx-mobl1" failures="0" tests="1" name="Testcases.LoginTest" time="3.719" errors="0" timestamp="2022-12-11T16:01:50 IST" skipped="0">
  <testcase classname="Testcases.LoginTest" name="LoginWithExternalData" time="3.719"/>
  <system-out/>
</testsuite> <!-- Testcases.LoginTest -->
