<?xml version="1.0" encoding="UTF-8"?>
<!-- Generated by org.testng.reporters.JUnitReportReporter -->
<testsuite hostname="kirananx-mobl1" failures="0" tests="1" name="Testcases.HomeTest" time="6.220" errors="0" timestamp="2022-12-13T17:54:53 IST" skipped="0">
  <testcase classname="Testcases.HomeTest" name="succesfullFilter" time="6.220"/>
  <system-out/>
</testsuite> <!-- Testcases.HomeTest -->
