<?xml version="1.0" encoding="UTF-8"?>
<!-- Generated by org.testng.reporters.JUnitReportReporter -->
<testsuite hostname="kirananx-mobl1" failures="0" tests="1" name="Testcases.BaseClass" time="9.189" errors="0" timestamp="2022-12-11T13:47:45 IST" skipped="0">
  <testcase classname="Testcases.BaseClass" name="SetUp" time="9.189"/>
  <system-out/>
</testsuite> <!-- Testcases.BaseClass -->
