<?xml version="1.0" encoding="UTF-8"?>
<!-- Generated by org.testng.reporters.JUnitReportReporter -->
<testsuite hostname="kirananx-mobl1" failures="0" tests="4" name="Testcases.LoginTest" time="20.965" errors="0" timestamp="2022-12-18T12:39:09 IST" skipped="0">
  <testcase classname="Testcases.LoginTest" name="LoginWithExternalData" time="4.637"/>
  <system-out/>
  <testcase classname="Testcases.LoginTest" name="LoginFailure" time="6.433"/>
  <system-out/>
  <testcase classname="Testcases.LoginTest" name="SuccesfullLogin" time="5.259"/>
  <system-out/>
  <testcase classname="Testcases.LoginTest" name="parameterizedTest" time="4.636"/>
  <system-out/>
</testsuite> <!-- Testcases.LoginTest -->
